This file contains any messages produced by compilers while
running configure, to aid debugging if configure makes a mistake.

It was created by love configure 11.5, which was
generated by GNU Autoconf 2.72.  Invocation command line was

  $ ./configure

## --------- ##
## Platform. ##
## --------- ##

hostname = kaito
uname -m = x86_64
uname -r = 6.14.2-arch1-1
uname -s = Linux
uname -v = #1 SMP PREEMPT_DYNAMIC Thu, 10 Apr 2025 18:43:59 +0000

/usr/bin/uname -p = unknown
/bin/uname -X     = unknown

/bin/arch              = unknown
/usr/bin/arch -k       = unknown
/usr/convex/getsysinfo = unknown
/usr/bin/hostinfo      = unknown
/bin/machine           = unknown
/usr/bin/oslevel       = unknown
/bin/universe          = unknown

PATH: /usr/local/sbin/
PATH: /usr/local/bin/
PATH: /usr/bin/
PATH: /usr/lib/jvm/default/bin/
PATH: /usr/bin/site_perl/
PATH: /usr/bin/vendor_perl/
PATH: /usr/bin/core_perl/


## ----------- ##
## Core tests. ##
## ----------- ##

configure:3382: looking for aux files: config.guess config.sub ltmain.sh compile ar-lib missing install-sh
configure:3395:  trying ./platform/unix/
configure:3424:   ./platform/unix/config.guess found
configure:3424:   ./platform/unix/config.sub found
configure:3424:   ./platform/unix/ltmain.sh found
configure:3424:   ./platform/unix/compile found
configure:3424:   ./platform/unix/ar-lib found
configure:3424:   ./platform/unix/missing found
configure:3406:   ./platform/unix/install-sh found
configure:3559: checking for a BSD-compatible install
configure:3633: result: /usr/bin/install -c
configure:3644: checking whether sleep supports fractional seconds
configure:3660: result: yes
configure:3663: checking filesystem timestamp resolution
configure:3798: result: 0.01
configure:3803: checking whether build environment is sane
configure:3844: result: yes
configure:4015: checking for a race-free mkdir -p
configure:4058: result: /usr/bin/mkdir -p
configure:4065: checking for gawk
configure:4086: found /usr/bin/gawk
configure:4098: result: gawk
configure:4109: checking whether make sets $(MAKE)
configure:4133: result: yes
configure:4159: checking whether make supports nested variables
configure:4178: result: yes
configure:4192: checking xargs -n works
configure:4208: result: yes
configure:4293: checking whether UID '1000' is supported by ustar format
configure:4299: result: yes
configure:4306: checking whether GID '1000' is supported by ustar format
configure:4312: result: yes
configure:4320: checking how to create a ustar tar archive
configure:4331: tar --version
tar (GNU tar) 1.35
Copyright (C) 2023 Free Software Foundation, Inc.
License GPLv3+: GNU GPL version 3 or later <https://gnu.org/licenses/gpl.html>.
This is free software: you are free to change and redistribute it.
There is NO WARRANTY, to the extent permitted by law.

Written by John Gilmore and Jay Fenlason.
configure:4334: $? = 0
configure:4374: tardir=conftest.dir && eval tar --format=ustar -chf - "$tardir" >conftest.tar
configure:4377: $? = 0
configure:4381: tar -xf - <conftest.tar
configure:4384: $? = 0
configure:4386: cat conftest.dir/file
GrepMe
configure:4389: $? = 0
configure:4404: result: gnutar
configure:4446: checking whether make supports the include directive
configure:4461: make -f confmf.GNU && cat confinc.out
this is the am__doit target
configure:4464: $? = 0
configure:4483: result: yes (GNU style)
configure:4560: checking for gcc
configure:4581: found /usr/bin/gcc
configure:4593: result: gcc
configure:4952: checking for C compiler version
configure:4961: gcc --version >&5
gcc (GCC) 14.2.1 20250207
Copyright (C) 2024 Free Software Foundation, Inc.
This is free software; see the source for copying conditions.  There is NO
warranty; not even for MERCHANTABILITY or FITNESS FOR A PARTICULAR PURPOSE.

configure:4972: $? = 0
configure:4961: gcc -v >&5
Using built-in specs.
COLLECT_GCC=gcc
COLLECT_LTO_WRAPPER=/usr/lib/gcc/x86_64-pc-linux-gnu/14.2.1/lto-wrapper
Target: x86_64-pc-linux-gnu
Configured with: /build/gcc/src/gcc/configure --enable-languages=ada,c,c++,d,fortran,go,lto,m2,objc,obj-c++,rust --enable-bootstrap --prefix=/usr --libdir=/usr/lib --libexecdir=/usr/lib --mandir=/usr/share/man --infodir=/usr/share/info --with-bugurl=https://gitlab.archlinux.org/archlinux/packaging/packages/gcc/-/issues --with-build-config=bootstrap-lto --with-linker-hash-style=gnu --with-system-zlib --enable-__cxa_atexit --enable-cet=auto --enable-checking=release --enable-clocale=gnu --enable-default-pie --enable-default-ssp --enable-gnu-indirect-function --enable-gnu-unique-object --enable-libstdcxx-backtrace --enable-link-serialization=1 --enable-linker-build-id --enable-lto --enable-multilib --enable-plugin --enable-shared --enable-threads=posix --disable-libssp --disable-libstdcxx-pch --disable-werror
Thread model: posix
Supported LTO compression algorithms: zlib zstd
gcc version 14.2.1 20250207 (GCC) 
configure:4972: $? = 0
configure:4961: gcc -V >&5
gcc: error: unrecognized command-line option '-V'
gcc: fatal error: no input files
compilation terminated.
configure:4972: $? = 1
configure:4961: gcc -qversion >&5
gcc: error: unrecognized command-line option '-qversion'; did you mean '--version'?
gcc: fatal error: no input files
compilation terminated.
configure:4972: $? = 1
configure:4961: gcc -version >&5
gcc: error: unrecognized command-line option '-version'
gcc: fatal error: no input files
compilation terminated.
configure:4972: $? = 1
configure:4992: checking whether the C compiler works
configure:5014: gcc    conftest.c  >&5
configure:5018: $? = 0
configure:5069: result: yes
configure:5073: checking for C compiler default output file name
configure:5075: result: a.out
configure:5081: checking for suffix of executables
configure:5088: gcc -o conftest    conftest.c  >&5
configure:5092: $? = 0
configure:5116: result: 
configure:5140: checking whether we are cross compiling
configure:5148: gcc -o conftest    conftest.c  >&5
configure:5152: $? = 0
configure:5159: ./conftest
configure:5163: $? = 0
configure:5178: result: no
configure:5184: checking for suffix of object files
configure:5207: gcc -c   conftest.c >&5
configure:5211: $? = 0
configure:5235: result: o
configure:5239: checking whether the compiler supports GNU C
configure:5259: gcc -c   conftest.c >&5
configure:5259: $? = 0
configure:5271: result: yes
configure:5282: checking whether gcc accepts -g
configure:5303: gcc -c -g  conftest.c >&5
configure:5303: $? = 0
configure:5350: result: yes
configure:5370: checking for gcc option to enable C11 features
configure:5385: gcc  -c -g -O2  conftest.c >&5
configure:5385: $? = 0
configure:5404: result: none needed
configure:5528: checking whether gcc understands -c and -o together
configure:5551: gcc -c conftest.c -o conftest2.o
configure:5554: $? = 0
configure:5551: gcc -c conftest.c -o conftest2.o
configure:5554: $? = 0
configure:5567: result: yes
configure:5586: checking dependency style of gcc
configure:5699: result: gcc3
configure:5771: checking for ar
configure:5792: found /usr/bin/ar
configure:5804: result: ar
configure:5831: checking the archiver (ar) interface
configure:5848: gcc -c -g -O2  conftest.c >&5
configure:5848: $? = 0
configure:5851: ar cr libconftest.a conftest.o >&5
configure:5854: $? = 0
configure:5883: result: ar
configure:5935: checking build system type
configure:5951: result: x86_64-pc-linux-gnu
configure:5971: checking host system type
configure:5986: result: x86_64-pc-linux-gnu
configure:6027: checking how to print strings
configure:6054: result: printf
configure:6075: checking for a sed that does not truncate output
configure:6147: result: /usr/bin/sed
configure:6165: checking for grep that handles long lines and -e
configure:6231: result: /usr/bin/grep
configure:6236: checking for egrep
configure:6306: result: /usr/bin/grep -E
configure:6313: checking for fgrep
configure:6383: result: /usr/bin/grep -F
configure:6420: checking for ld used by gcc
configure:6489: result: /usr/bin/ld
configure:6496: checking if the linker (/usr/bin/ld) is GNU ld
configure:6513: result: yes
configure:6525: checking for BSD- or MS-compatible name lister (nm)
configure:6581: result: /usr/bin/nm -B
configure:6723: checking the name lister (/usr/bin/nm -B) interface
configure:6731: gcc -c -g -O2  conftest.c >&5
configure:6734: /usr/bin/nm -B "conftest.o"
configure:6737: output
0000000000000000 B some_variable
configure:6745: result: BSD nm
configure:6748: checking whether ln -s works
configure:6752: result: yes
configure:6760: checking the maximum length of command line arguments
configure:6893: result: 1572864
configure:6941: checking how to convert x86_64-pc-linux-gnu file names to x86_64-pc-linux-gnu format
configure:6983: result: func_convert_file_noop
configure:6990: checking how to convert x86_64-pc-linux-gnu file names to toolchain format
configure:7012: result: func_convert_file_noop
configure:7019: checking for /usr/bin/ld option to reload object files
configure:7028: result: -r
configure:7061: checking for file
configure:7082: found /usr/bin/file
configure:7095: result: file
configure:7158: checking for objdump
configure:7179: found /usr/bin/objdump
configure:7191: result: objdump
configure:7223: checking how to recognize dependent libraries
configure:7432: result: pass_all
configure:7523: checking for dlltool
configure:7559: result: no
configure:7589: checking how to associate runtime and link libraries
configure:7618: result: printf %s\n
configure:7678: checking for ranlib
configure:7699: found /usr/bin/ranlib
configure:7711: result: ranlib
configure:7874: checking for archiver @FILE support
configure:7892: gcc -c -g -O2  conftest.c >&5
configure:7892: $? = 0
configure:7896: ar cr libconftest.a @conftest.lst >&5
configure:7899: $? = 0
configure:7904: ar cr libconftest.a @conftest.lst >&5
ar: conftest.o: No such file or directory
configure:7907: $? = 1
configure:7920: result: @
configure:7984: checking for strip
configure:8005: found /usr/bin/strip
configure:8017: result: strip
configure:8120: checking command to parse /usr/bin/nm -B output from gcc object
configure:8274: gcc -c -g -O2  conftest.c >&5
configure:8277: $? = 0
configure:8281: /usr/bin/nm -B conftest.o | /usr/bin/sed -n -e 's/^.*[	 ]\([ABCDGIRSTW][ABCDGIRSTW]*\)[	 ][	 ]*\([_A-Za-z][_A-Za-z0-9]*\)$/\1 \2 \2/p' | /usr/bin/sed '/ __gnu_lto/d' > conftest.nm
configure:8347: gcc -o conftest -g -O2   conftest.c conftstm.o >&5
configure:8350: $? = 0
configure:8389: result: ok
configure:8436: checking for sysroot
configure:8470: result: no
configure:8477: checking for a working dd
configure:8522: result: /usr/bin/dd
configure:8526: checking how to truncate binary pipes
configure:8543: result: /usr/bin/dd bs=4096 count=1
configure:8680: gcc -c -g -O2  conftest.c >&5
configure:8683: $? = 0
configure:8883: checking for mt
configure:8919: result: no
configure:8939: checking if : is a manifest tool
configure:8946: : '-?'
configure:8955: result: no
configure:9752: checking for stdio.h
configure:9752: gcc -c -g -O2  conftest.c >&5
configure:9752: $? = 0
configure:9752: result: yes
configure:9752: checking for stdlib.h
configure:9752: gcc -c -g -O2  conftest.c >&5
configure:9752: $? = 0
configure:9752: result: yes
configure:9752: checking for string.h
configure:9752: gcc -c -g -O2  conftest.c >&5
configure:9752: $? = 0
configure:9752: result: yes
configure:9752: checking for inttypes.h
configure:9752: gcc -c -g -O2  conftest.c >&5
configure:9752: $? = 0
configure:9752: result: yes
configure:9752: checking for stdint.h
configure:9752: gcc -c -g -O2  conftest.c >&5
configure:9752: $? = 0
configure:9752: result: yes
configure:9752: checking for strings.h
configure:9752: gcc -c -g -O2  conftest.c >&5
configure:9752: $? = 0
configure:9752: result: yes
configure:9752: checking for sys/stat.h
configure:9752: gcc -c -g -O2  conftest.c >&5
configure:9752: $? = 0
configure:9752: result: yes
configure:9752: checking for sys/types.h
configure:9752: gcc -c -g -O2  conftest.c >&5
configure:9752: $? = 0
configure:9752: result: yes
configure:9752: checking for unistd.h
configure:9752: gcc -c -g -O2  conftest.c >&5
configure:9752: $? = 0
configure:9752: result: yes
configure:9777: checking for dlfcn.h
configure:9777: gcc -c -g -O2  conftest.c >&5
configure:9777: $? = 0
configure:9777: result: yes
configure:10079: checking for objdir
configure:10096: result: .libs
configure:10362: checking if gcc supports -fno-rtti -fno-exceptions
configure:10381: gcc -c -g -O2  -fno-rtti -fno-exceptions conftest.c >&5
cc1: warning: command-line option '-fno-rtti' is valid for C++/D/ObjC++ but not for C
configure:10385: $? = 0
configure:10399: result: no
configure:10772: checking for gcc option to produce PIC
configure:10781: result: -fPIC -DPIC
configure:10789: checking if gcc PIC flag -fPIC -DPIC works
configure:10808: gcc -c -g -O2  -fPIC -DPIC -DPIC conftest.c >&5
configure:10812: $? = 0
configure:10826: result: yes
configure:10855: checking if gcc static flag -static works
configure:10885: result: yes
configure:10900: checking if gcc supports -c -o file.o
configure:10922: gcc -c -g -O2  -o out/conftest2.o conftest.c >&5
configure:10926: $? = 0
configure:10949: result: yes
configure:10957: checking if gcc supports -c -o file.o
configure:11006: result: yes
configure:11039: checking whether the gcc linker (/usr/bin/ld -m elf_x86_64) supports shared libraries
configure:12323: result: yes
configure:12360: checking whether -lc should be explicitly linked in
configure:12369: gcc -c -g -O2  conftest.c >&5
configure:12372: $? = 0
configure:12387: gcc -shared  -fPIC -DPIC conftest.o  -v -Wl,-soname -Wl,conftest -o conftest 2\>\&1 \| /usr/bin/grep  -lc  \>/dev/null 2\>\&1
configure:12390: $? = 0
configure:12405: result: no
configure:12565: checking dynamic linker characteristics
configure:13184: gcc -o conftest -g -O2   -Wl,-rpath -Wl,/foo conftest.c  >&5
configure:13184: $? = 0
configure:13949: result: GNU/Linux ld.so
configure:14071: checking how to hardcode library paths into programs
configure:14096: result: immediate
configure:14696: checking whether stripping libraries is possible
configure:14705: result: yes
configure:14747: checking if libtool supports shared libraries
configure:14749: result: yes
configure:14752: checking whether to build shared libraries
configure:14777: result: yes
configure:14780: checking whether to build static libraries
configure:14784: result: no
configure:14875: checking for gcc
configure:14908: result: gcc
configure:15267: checking for C compiler version
configure:15276: gcc --version >&5
gcc (GCC) 14.2.1 20250207
Copyright (C) 2024 Free Software Foundation, Inc.
This is free software; see the source for copying conditions.  There is NO
warranty; not even for MERCHANTABILITY or FITNESS FOR A PARTICULAR PURPOSE.

configure:15287: $? = 0
configure:15276: gcc -v >&5
Using built-in specs.
COLLECT_GCC=gcc
COLLECT_LTO_WRAPPER=/usr/lib/gcc/x86_64-pc-linux-gnu/14.2.1/lto-wrapper
Target: x86_64-pc-linux-gnu
Configured with: /build/gcc/src/gcc/configure --enable-languages=ada,c,c++,d,fortran,go,lto,m2,objc,obj-c++,rust --enable-bootstrap --prefix=/usr --libdir=/usr/lib --libexecdir=/usr/lib --mandir=/usr/share/man --infodir=/usr/share/info --with-bugurl=https://gitlab.archlinux.org/archlinux/packaging/packages/gcc/-/issues --with-build-config=bootstrap-lto --with-linker-hash-style=gnu --with-system-zlib --enable-__cxa_atexit --enable-cet=auto --enable-checking=release --enable-clocale=gnu --enable-default-pie --enable-default-ssp --enable-gnu-indirect-function --enable-gnu-unique-object --enable-libstdcxx-backtrace --enable-link-serialization=1 --enable-linker-build-id --enable-lto --enable-multilib --enable-plugin --enable-shared --enable-threads=posix --disable-libssp --disable-libstdcxx-pch --disable-werror
Thread model: posix
Supported LTO compression algorithms: zlib zstd
gcc version 14.2.1 20250207 (GCC) 
configure:15287: $? = 0
configure:15276: gcc -V >&5
gcc: error: unrecognized command-line option '-V'
gcc: fatal error: no input files
compilation terminated.
configure:15287: $? = 1
configure:15276: gcc -qversion >&5
gcc: error: unrecognized command-line option '-qversion'; did you mean '--version'?
gcc: fatal error: no input files
compilation terminated.
configure:15287: $? = 1
configure:15276: gcc -version >&5
gcc: error: unrecognized command-line option '-version'
gcc: fatal error: no input files
compilation terminated.
configure:15287: $? = 1
configure:15291: checking whether the compiler supports GNU C
configure:15323: result: yes
configure:15334: checking whether gcc accepts -g
configure:15402: result: yes
configure:15422: checking for gcc option to enable C11 features
configure:15456: result: none needed
configure:15580: checking whether gcc understands -c and -o together
configure:15619: result: yes
configure:15638: checking dependency style of gcc
configure:15751: result: gcc3
configure:15836: checking for g++
configure:15857: found /usr/bin/g++
configure:15869: result: g++
configure:15896: checking for C++ compiler version
configure:15905: g++ --version >&5
g++ (GCC) 14.2.1 20250207
Copyright (C) 2024 Free Software Foundation, Inc.
This is free software; see the source for copying conditions.  There is NO
warranty; not even for MERCHANTABILITY or FITNESS FOR A PARTICULAR PURPOSE.

configure:15916: $? = 0
configure:15905: g++ -v >&5
Using built-in specs.
COLLECT_GCC=g++
COLLECT_LTO_WRAPPER=/usr/lib/gcc/x86_64-pc-linux-gnu/14.2.1/lto-wrapper
Target: x86_64-pc-linux-gnu
Configured with: /build/gcc/src/gcc/configure --enable-languages=ada,c,c++,d,fortran,go,lto,m2,objc,obj-c++,rust --enable-bootstrap --prefix=/usr --libdir=/usr/lib --libexecdir=/usr/lib --mandir=/usr/share/man --infodir=/usr/share/info --with-bugurl=https://gitlab.archlinux.org/archlinux/packaging/packages/gcc/-/issues --with-build-config=bootstrap-lto --with-linker-hash-style=gnu --with-system-zlib --enable-__cxa_atexit --enable-cet=auto --enable-checking=release --enable-clocale=gnu --enable-default-pie --enable-default-ssp --enable-gnu-indirect-function --enable-gnu-unique-object --enable-libstdcxx-backtrace --enable-link-serialization=1 --enable-linker-build-id --enable-lto --enable-multilib --enable-plugin --enable-shared --enable-threads=posix --disable-libssp --disable-libstdcxx-pch --disable-werror
Thread model: posix
Supported LTO compression algorithms: zlib zstd
gcc version 14.2.1 20250207 (GCC) 
configure:15916: $? = 0
configure:15905: g++ -V >&5
g++: error: unrecognized command-line option '-V'
g++: fatal error: no input files
compilation terminated.
configure:15916: $? = 1
configure:15905: g++ -qversion >&5
g++: error: unrecognized command-line option '-qversion'; did you mean '--version'?
g++: fatal error: no input files
compilation terminated.
configure:15916: $? = 1
configure:15920: checking whether the compiler supports GNU C++
configure:15940: g++ -c   conftest.cpp >&5
configure:15940: $? = 0
configure:15952: result: yes
configure:15963: checking whether g++ accepts -g
configure:15984: g++ -c -g  conftest.cpp >&5
configure:15984: $? = 0
configure:16031: result: yes
configure:16051: checking for g++ option to enable C++11 features
configure:16066: g++  -c -g -O2  conftest.cpp >&5
conftest.cpp: In function 'int main(int, char**)':
conftest.cpp:189:25: warning: empty parentheses were disambiguated as a function declaration [-Wvexing-parse]
  189 |   cxx11test::delegate d2();
      |                         ^~
conftest.cpp:189:25: note: remove parentheses to default-initialize a variable
  189 |   cxx11test::delegate d2();
      |                         ^~
      |                         --
conftest.cpp:189:25: note: or replace parentheses with braces to value-initialize a variable
configure:16066: $? = 0
configure:16085: result: none needed
configure:16156: checking dependency style of g++
configure:16269: result: gcc3
configure:16302: checking how to run the C++ preprocessor
configure:16324: g++ -E  conftest.cpp
configure:16324: $? = 0
configure:16340: g++ -E  conftest.cpp
conftest.cpp:23:10: fatal error: ac_nonexistent.h: No such file or directory
   23 | #include <ac_nonexistent.h>
      |          ^~~~~~~~~~~~~~~~~~
compilation terminated.
configure:16340: $? = 1
configure: failed program was:
| /* confdefs.h */
| #define PACKAGE_NAME "love"
| #define PACKAGE_TARNAME "love"
| #define PACKAGE_VERSION "11.5"
| #define PACKAGE_STRING "love 11.5"
| #define PACKAGE_BUGREPORT ""
| #define PACKAGE_URL ""
| #define PACKAGE "love"
| #define VERSION "11.5"
| #define HAVE_STDIO_H 1
| #define HAVE_STDLIB_H 1
| #define HAVE_STRING_H 1
| #define HAVE_INTTYPES_H 1
| #define HAVE_STDINT_H 1
| #define HAVE_STRINGS_H 1
| #define HAVE_SYS_STAT_H 1
| #define HAVE_SYS_TYPES_H 1
| #define HAVE_UNISTD_H 1
| #define STDC_HEADERS 1
| #define HAVE_DLFCN_H 1
| #define LT_OBJDIR ".libs/"
| /* end confdefs.h.  */
| #include <ac_nonexistent.h>
configure:16369: result: g++ -E
configure:16383: g++ -E  conftest.cpp
configure:16383: $? = 0
configure:16399: g++ -E  conftest.cpp
conftest.cpp:23:10: fatal error: ac_nonexistent.h: No such file or directory
   23 | #include <ac_nonexistent.h>
      |          ^~~~~~~~~~~~~~~~~~
compilation terminated.
configure:16399: $? = 1
configure: failed program was:
| /* confdefs.h */
| #define PACKAGE_NAME "love"
| #define PACKAGE_TARNAME "love"
| #define PACKAGE_VERSION "11.5"
| #define PACKAGE_STRING "love 11.5"
| #define PACKAGE_BUGREPORT ""
| #define PACKAGE_URL ""
| #define PACKAGE "love"
| #define VERSION "11.5"
| #define HAVE_STDIO_H 1
| #define HAVE_STDLIB_H 1
| #define HAVE_STRING_H 1
| #define HAVE_INTTYPES_H 1
| #define HAVE_STDINT_H 1
| #define HAVE_STRINGS_H 1
| #define HAVE_SYS_STAT_H 1
| #define HAVE_SYS_TYPES_H 1
| #define HAVE_UNISTD_H 1
| #define STDC_HEADERS 1
| #define HAVE_DLFCN_H 1
| #define LT_OBJDIR ".libs/"
| /* end confdefs.h.  */
| #include <ac_nonexistent.h>
configure:16567: checking for ld used by g++
configure:16636: result: /usr/bin/ld -m elf_x86_64
configure:16643: checking if the linker (/usr/bin/ld -m elf_x86_64) is GNU ld
configure:16660: result: yes
configure:16714: checking whether the g++ linker (/usr/bin/ld -m elf_x86_64) supports shared libraries
configure:17802: result: yes
configure:17838: g++ -c -g -O2  conftest.cpp >&5
configure:17841: $? = 0
configure:18327: checking for g++ option to produce PIC
configure:18336: result: -fPIC -DPIC
configure:18344: checking if g++ PIC flag -fPIC -DPIC works
configure:18363: g++ -c -g -O2  -fPIC -DPIC -DPIC conftest.cpp >&5
configure:18367: $? = 0
configure:18381: result: yes
configure:18404: checking if g++ static flag -static works
configure:18434: result: yes
configure:18446: checking if g++ supports -c -o file.o
configure:18468: g++ -c -g -O2  -o out/conftest2.o conftest.cpp >&5
configure:18472: $? = 0
configure:18495: result: yes
configure:18500: checking if g++ supports -c -o file.o
configure:18549: result: yes
configure:18579: checking whether the g++ linker (/usr/bin/ld -m elf_x86_64) supports shared libraries
configure:18619: result: yes
configure:18762: checking dynamic linker characteristics
configure:20056: result: GNU/Linux ld.so
configure:20121: checking how to hardcode library paths into programs
configure:20146: result: immediate
configure:20186: checking for a sed that does not truncate output
configure:20258: result: /usr/bin/sed
configure:20324: checking for g++
configure:20345: found /usr/bin/g++
configure:20357: result: g++
configure:20382: checking for Objective C++ compiler version
configure:20391: g++ --version >&5
g++ (GCC) 14.2.1 20250207
Copyright (C) 2024 Free Software Foundation, Inc.
This is free software; see the source for copying conditions.  There is NO
warranty; not even for MERCHANTABILITY or FITNESS FOR A PARTICULAR PURPOSE.

configure:20402: $? = 0
configure:20391: g++ -v >&5
Using built-in specs.
COLLECT_GCC=g++
COLLECT_LTO_WRAPPER=/usr/lib/gcc/x86_64-pc-linux-gnu/14.2.1/lto-wrapper
Target: x86_64-pc-linux-gnu
Configured with: /build/gcc/src/gcc/configure --enable-languages=ada,c,c++,d,fortran,go,lto,m2,objc,obj-c++,rust --enable-bootstrap --prefix=/usr --libdir=/usr/lib --libexecdir=/usr/lib --mandir=/usr/share/man --infodir=/usr/share/info --with-bugurl=https://gitlab.archlinux.org/archlinux/packaging/packages/gcc/-/issues --with-build-config=bootstrap-lto --with-linker-hash-style=gnu --with-system-zlib --enable-__cxa_atexit --enable-cet=auto --enable-checking=release --enable-clocale=gnu --enable-default-pie --enable-default-ssp --enable-gnu-indirect-function --enable-gnu-unique-object --enable-libstdcxx-backtrace --enable-link-serialization=1 --enable-linker-build-id --enable-lto --enable-multilib --enable-plugin --enable-shared --enable-threads=posix --disable-libssp --disable-libstdcxx-pch --disable-werror
Thread model: posix
Supported LTO compression algorithms: zlib zstd
gcc version 14.2.1 20250207 (GCC) 
configure:20402: $? = 0
configure:20391: g++ -V >&5
g++: error: unrecognized command-line option '-V'
g++: fatal error: no input files
compilation terminated.
configure:20402: $? = 1
configure:20391: g++ -qversion >&5
g++: error: unrecognized command-line option '-qversion'; did you mean '--version'?
g++: fatal error: no input files
compilation terminated.
configure:20402: $? = 1
configure:20406: checking whether the compiler supports GNU Objective C++
configure:20426: g++ -c   conftest.mm >&5
g++: fatal error: cannot execute 'cc1objplus': posix_spawnp: No such file or directory
compilation terminated.
configure:20426: $? = 1
configure: failed program was:
| /* confdefs.h */
| #define PACKAGE_NAME "love"
| #define PACKAGE_TARNAME "love"
| #define PACKAGE_VERSION "11.5"
| #define PACKAGE_STRING "love 11.5"
| #define PACKAGE_BUGREPORT ""
| #define PACKAGE_URL ""
| #define PACKAGE "love"
| #define VERSION "11.5"
| #define HAVE_STDIO_H 1
| #define HAVE_STDLIB_H 1
| #define HAVE_STRING_H 1
| #define HAVE_INTTYPES_H 1
| #define HAVE_STDINT_H 1
| #define HAVE_STRINGS_H 1
| #define HAVE_SYS_STAT_H 1
| #define HAVE_SYS_TYPES_H 1
| #define HAVE_UNISTD_H 1
| #define STDC_HEADERS 1
| #define HAVE_DLFCN_H 1
| #define LT_OBJDIR ".libs/"
| /* end confdefs.h.  */
| 
| int
| main (void)
| {
| #ifndef __GNUC__
|        choke me
| #endif
| 
|   ;
|   return 0;
| }
configure:20438: result: no
configure:20449: checking whether g++ accepts -g
configure:20470: g++ -c -g  conftest.mm >&5
g++: fatal error: cannot execute 'cc1objplus': posix_spawnp: No such file or directory
compilation terminated.
configure:20470: $? = 1
configure: failed program was:
| /* confdefs.h */
| #define PACKAGE_NAME "love"
| #define PACKAGE_TARNAME "love"
| #define PACKAGE_VERSION "11.5"
| #define PACKAGE_STRING "love 11.5"
| #define PACKAGE_BUGREPORT ""
| #define PACKAGE_URL ""
| #define PACKAGE "love"
| #define VERSION "11.5"
| #define HAVE_STDIO_H 1
| #define HAVE_STDLIB_H 1
| #define HAVE_STRING_H 1
| #define HAVE_INTTYPES_H 1
| #define HAVE_STDINT_H 1
| #define HAVE_STRINGS_H 1
| #define HAVE_SYS_STAT_H 1
| #define HAVE_SYS_TYPES_H 1
| #define HAVE_UNISTD_H 1
| #define STDC_HEADERS 1
| #define HAVE_DLFCN_H 1
| #define LT_OBJDIR ".libs/"
| /* end confdefs.h.  */
| 
| int
| main (void)
| {
| 
|   ;
|   return 0;
| }
configure:20486: g++ -c   conftest.mm >&5
g++: fatal error: cannot execute 'cc1objplus': posix_spawnp: No such file or directory
compilation terminated.
configure:20486: $? = 1
configure: failed program was:
| /* confdefs.h */
| #define PACKAGE_NAME "love"
| #define PACKAGE_TARNAME "love"
| #define PACKAGE_VERSION "11.5"
| #define PACKAGE_STRING "love 11.5"
| #define PACKAGE_BUGREPORT ""
| #define PACKAGE_URL ""
| #define PACKAGE "love"
| #define VERSION "11.5"
| #define HAVE_STDIO_H 1
| #define HAVE_STDLIB_H 1
| #define HAVE_STRING_H 1
| #define HAVE_INTTYPES_H 1
| #define HAVE_STDINT_H 1
| #define HAVE_STRINGS_H 1
| #define HAVE_SYS_STAT_H 1
| #define HAVE_SYS_TYPES_H 1
| #define HAVE_UNISTD_H 1
| #define STDC_HEADERS 1
| #define HAVE_DLFCN_H 1
| #define LT_OBJDIR ".libs/"
| /* end confdefs.h.  */
| 
| int
| main (void)
| {
| 
|   ;
|   return 0;
| }
configure:20503: g++ -c -g  conftest.mm >&5
g++: fatal error: cannot execute 'cc1objplus': posix_spawnp: No such file or directory
compilation terminated.
configure:20503: $? = 1
configure: failed program was:
| /* confdefs.h */
| #define PACKAGE_NAME "love"
| #define PACKAGE_TARNAME "love"
| #define PACKAGE_VERSION "11.5"
| #define PACKAGE_STRING "love 11.5"
| #define PACKAGE_BUGREPORT ""
| #define PACKAGE_URL ""
| #define PACKAGE "love"
| #define VERSION "11.5"
| #define HAVE_STDIO_H 1
| #define HAVE_STDLIB_H 1
| #define HAVE_STRING_H 1
| #define HAVE_INTTYPES_H 1
| #define HAVE_STDINT_H 1
| #define HAVE_STRINGS_H 1
| #define HAVE_SYS_STAT_H 1
| #define HAVE_SYS_TYPES_H 1
| #define HAVE_UNISTD_H 1
| #define STDC_HEADERS 1
| #define HAVE_DLFCN_H 1
| #define LT_OBJDIR ".libs/"
| /* end confdefs.h.  */
| 
| int
| main (void)
| {
| 
|   ;
|   return 0;
| }
configure:20517: result: no
configure:20542: checking dependency style of g++
configure:20653: result: gcc3
configure:20728: checking for pkg-config
configure:20751: found /usr/bin/pkg-config
configure:20764: result: /usr/bin/pkg-config
configure:20789: checking pkg-config is at least version 0.9.0
configure:20792: result: yes
configure:20803: checking whether byte ordering is bigendian
configure:20819: gcc -c -g -O2  conftest.c >&5
conftest.c:24:16: error: unknown type name 'not'
   24 |                not a universal capable compiler
      |                ^~~
conftest.c:24:22: error: expected '=', ',', ';', 'asm' or '__attribute__' before 'universal'
   24 |                not a universal capable compiler
      |                      ^~~~~~~~~
conftest.c:24:22: error: unknown type name 'universal'
configure:20819: $? = 1
configure: failed program was:
| /* confdefs.h */
| #define PACKAGE_NAME "love"
| #define PACKAGE_TARNAME "love"
| #define PACKAGE_VERSION "11.5"
| #define PACKAGE_STRING "love 11.5"
| #define PACKAGE_BUGREPORT ""
| #define PACKAGE_URL ""
| #define PACKAGE "love"
| #define VERSION "11.5"
| #define HAVE_STDIO_H 1
| #define HAVE_STDLIB_H 1
| #define HAVE_STRING_H 1
| #define HAVE_INTTYPES_H 1
| #define HAVE_STDINT_H 1
| #define HAVE_STRINGS_H 1
| #define HAVE_SYS_STAT_H 1
| #define HAVE_SYS_TYPES_H 1
| #define HAVE_UNISTD_H 1
| #define STDC_HEADERS 1
| #define HAVE_DLFCN_H 1
| #define LT_OBJDIR ".libs/"
| /* end confdefs.h.  */
| #ifndef __APPLE_CC__
| 	       not a universal capable compiler
| 	     #endif
| 	     typedef int dummy;
| 
configure:20865: gcc -c -g -O2  conftest.c >&5
configure:20865: $? = 0
configure:20884: gcc -c -g -O2  conftest.c >&5
conftest.c: In function 'main':
conftest.c:30:18: error: unknown type name 'not'; did you mean 'ino_t'?
   30 |                  not big endian
      |                  ^~~
      |                  ino_t
conftest.c:30:26: error: expected '=', ',', ';', 'asm' or '__attribute__' before 'endian'
   30 |                  not big endian
      |                          ^~~~~~
configure:20884: $? = 1
configure: failed program was:
| /* confdefs.h */
| #define PACKAGE_NAME "love"
| #define PACKAGE_TARNAME "love"
| #define PACKAGE_VERSION "11.5"
| #define PACKAGE_STRING "love 11.5"
| #define PACKAGE_BUGREPORT ""
| #define PACKAGE_URL ""
| #define PACKAGE "love"
| #define VERSION "11.5"
| #define HAVE_STDIO_H 1
| #define HAVE_STDLIB_H 1
| #define HAVE_STRING_H 1
| #define HAVE_INTTYPES_H 1
| #define HAVE_STDINT_H 1
| #define HAVE_STRINGS_H 1
| #define HAVE_SYS_STAT_H 1
| #define HAVE_SYS_TYPES_H 1
| #define HAVE_UNISTD_H 1
| #define STDC_HEADERS 1
| #define HAVE_DLFCN_H 1
| #define LT_OBJDIR ".libs/"
| /* end confdefs.h.  */
| #include <sys/types.h>
| 		#include <sys/param.h>
| 
| int
| main (void)
| {
| #if BYTE_ORDER != BIG_ENDIAN
| 		 not big endian
| 		#endif
| 
|   ;
|   return 0;
| }
configure:21025: result: no
configure:21111: checking whether g++ supports flag -std=c++0x
configure:21124: g++ -c -std=c++0x  conftest.cpp >&5
configure:21124: $? = 0
configure:21126: result: yes
configure:21138: checking whether g++ supports flag -std=c++11
configure:21151: g++ -c -std=c++11  conftest.cpp >&5
configure:21151: $? = 0
configure:21153: result: yes
configure:21174: g++ -o conftest -g -O2 -std=c++11   conftest.cpp  >&5
configure:21174: $? = 0
configure:21174: ./conftest
configure:21174: $? = 0
configure:21182: g++ -o conftest -g -O2 -std=c++11   conftest.cpp  >&5
configure:21182: $? = 0
configure:21182: ./conftest
configure:21182: $? = 0
configure:21190: g++ -o conftest -g -O2 -std=c++11   conftest.cpp  >&5
configure:21190: $? = 0
configure:21190: ./conftest
configure:21190: $? = 0
configure:21201: g++ -o conftest -g -O2 -std=c++11   conftest.cpp  >&5
conftest.cpp: In function 'long int longval()':
conftest.cpp:24:41: error: '__clang_major__' was not declared in this scope
   24 | static long int longval (void) { return __clang_major__; }
      |                                         ^~~~~~~~~~~~~~~
conftest.cpp: In function 'long unsigned int ulongval()':
conftest.cpp:25:51: error: '__clang_major__' was not declared in this scope
   25 | static unsigned long int ulongval (void) { return __clang_major__; }
      |                                                   ^~~~~~~~~~~~~~~
conftest.cpp: In function 'int main()':
conftest.cpp:35:8: error: '__clang_major__' was not declared in this scope
   35 |   if ((__clang_major__) < 0)
      |        ^~~~~~~~~~~~~~~
configure:21201: $? = 1
configure: program exited with status 1
configure: failed program was:
| /* confdefs.h */
| #define PACKAGE_NAME "love"
| #define PACKAGE_TARNAME "love"
| #define PACKAGE_VERSION "11.5"
| #define PACKAGE_STRING "love 11.5"
| #define PACKAGE_BUGREPORT ""
| #define PACKAGE_URL ""
| #define PACKAGE "love"
| #define VERSION "11.5"
| #define HAVE_STDIO_H 1
| #define HAVE_STDLIB_H 1
| #define HAVE_STRING_H 1
| #define HAVE_INTTYPES_H 1
| #define HAVE_STDINT_H 1
| #define HAVE_STRINGS_H 1
| #define HAVE_SYS_STAT_H 1
| #define HAVE_SYS_TYPES_H 1
| #define HAVE_UNISTD_H 1
| #define STDC_HEADERS 1
| #define HAVE_DLFCN_H 1
| #define LT_OBJDIR ".libs/"
| /* end confdefs.h.  */
| 
| static long int longval (void) { return __clang_major__; }
| static unsigned long int ulongval (void) { return __clang_major__; }
| #include <stdio.h>
| #include <stdlib.h>
| int
| main (void)
| {
| 
|   FILE *f = fopen ("conftest.val", "w");
|   if (! f)
|     return 1;
|   if ((__clang_major__) < 0)
|     {
|       long int i = longval ();
|       if (i != (__clang_major__))
| 	return 1;
|       fprintf (f, "%ld", i);
|     }
|   else
|     {
|       unsigned long int i = ulongval ();
|       if (i != (__clang_major__))
| 	return 1;
|       fprintf (f, "%lu", i);
|     }
|   /* Do not output a trailing newline, as this causes \r\n confusion
|      on some platforms.  */
|   return ferror (f) || fclose (f) != 0;
| 
|   ;
|   return 0;
| }
configure:21209: g++ -o conftest -g -O2 -std=c++11   conftest.cpp  >&5
conftest.cpp: In function 'long int longval()':
conftest.cpp:24:41: error: '__clang_minor__' was not declared in this scope
   24 | static long int longval (void) { return __clang_minor__; }
      |                                         ^~~~~~~~~~~~~~~
conftest.cpp: In function 'long unsigned int ulongval()':
conftest.cpp:25:51: error: '__clang_minor__' was not declared in this scope
   25 | static unsigned long int ulongval (void) { return __clang_minor__; }
      |                                                   ^~~~~~~~~~~~~~~
conftest.cpp: In function 'int main()':
conftest.cpp:35:8: error: '__clang_minor__' was not declared in this scope
   35 |   if ((__clang_minor__) < 0)
      |        ^~~~~~~~~~~~~~~
configure:21209: $? = 1
configure: program exited with status 1
configure: failed program was:
| /* confdefs.h */
| #define PACKAGE_NAME "love"
| #define PACKAGE_TARNAME "love"
| #define PACKAGE_VERSION "11.5"
| #define PACKAGE_STRING "love 11.5"
| #define PACKAGE_BUGREPORT ""
| #define PACKAGE_URL ""
| #define PACKAGE "love"
| #define VERSION "11.5"
| #define HAVE_STDIO_H 1
| #define HAVE_STDLIB_H 1
| #define HAVE_STRING_H 1
| #define HAVE_INTTYPES_H 1
| #define HAVE_STDINT_H 1
| #define HAVE_STRINGS_H 1
| #define HAVE_SYS_STAT_H 1
| #define HAVE_SYS_TYPES_H 1
| #define HAVE_UNISTD_H 1
| #define STDC_HEADERS 1
| #define HAVE_DLFCN_H 1
| #define LT_OBJDIR ".libs/"
| /* end confdefs.h.  */
| 
| static long int longval (void) { return __clang_minor__; }
| static unsigned long int ulongval (void) { return __clang_minor__; }
| #include <stdio.h>
| #include <stdlib.h>
| int
| main (void)
| {
| 
|   FILE *f = fopen ("conftest.val", "w");
|   if (! f)
|     return 1;
|   if ((__clang_minor__) < 0)
|     {
|       long int i = longval ();
|       if (i != (__clang_minor__))
| 	return 1;
|       fprintf (f, "%ld", i);
|     }
|   else
|     {
|       unsigned long int i = ulongval ();
|       if (i != (__clang_minor__))
| 	return 1;
|       fprintf (f, "%lu", i);
|     }
|   /* Do not output a trailing newline, as this causes \r\n confusion
|      on some platforms.  */
|   return ferror (f) || fclose (f) != 0;
| 
|   ;
|   return 0;
| }
configure:21217: g++ -o conftest -g -O2 -std=c++11   conftest.cpp  >&5
conftest.cpp: In function 'long int longval()':
conftest.cpp:24:41: error: '__clang_patchlevel__' was not declared in this scope
   24 | static long int longval (void) { return __clang_patchlevel__; }
      |                                         ^~~~~~~~~~~~~~~~~~~~
conftest.cpp: In function 'long unsigned int ulongval()':
conftest.cpp:25:51: error: '__clang_patchlevel__' was not declared in this scope
   25 | static unsigned long int ulongval (void) { return __clang_patchlevel__; }
      |                                                   ^~~~~~~~~~~~~~~~~~~~
conftest.cpp: In function 'int main()':
conftest.cpp:35:8: error: '__clang_patchlevel__' was not declared in this scope
   35 |   if ((__clang_patchlevel__) < 0)
      |        ^~~~~~~~~~~~~~~~~~~~
configure:21217: $? = 1
configure: program exited with status 1
configure: failed program was:
| /* confdefs.h */
| #define PACKAGE_NAME "love"
| #define PACKAGE_TARNAME "love"
| #define PACKAGE_VERSION "11.5"
| #define PACKAGE_STRING "love 11.5"
| #define PACKAGE_BUGREPORT ""
| #define PACKAGE_URL ""
| #define PACKAGE "love"
| #define VERSION "11.5"
| #define HAVE_STDIO_H 1
| #define HAVE_STDLIB_H 1
| #define HAVE_STRING_H 1
| #define HAVE_INTTYPES_H 1
| #define HAVE_STDINT_H 1
| #define HAVE_STRINGS_H 1
| #define HAVE_SYS_STAT_H 1
| #define HAVE_SYS_TYPES_H 1
| #define HAVE_UNISTD_H 1
| #define STDC_HEADERS 1
| #define HAVE_DLFCN_H 1
| #define LT_OBJDIR ".libs/"
| /* end confdefs.h.  */
| 
| static long int longval (void) { return __clang_patchlevel__; }
| static unsigned long int ulongval (void) { return __clang_patchlevel__; }
| #include <stdio.h>
| #include <stdlib.h>
| int
| main (void)
| {
| 
|   FILE *f = fopen ("conftest.val", "w");
|   if (! f)
|     return 1;
|   if ((__clang_patchlevel__) < 0)
|     {
|       long int i = longval ();
|       if (i != (__clang_patchlevel__))
| 	return 1;
|       fprintf (f, "%ld", i);
|     }
|   else
|     {
|       unsigned long int i = ulongval ();
|       if (i != (__clang_patchlevel__))
| 	return 1;
|       fprintf (f, "%lu", i);
|     }
|   /* Do not output a trailing newline, as this causes \r\n confusion
|      on some platforms.  */
|   return ferror (f) || fclose (f) != 0;
| 
|   ;
|   return 0;
| }
configure:21242: checking whether gcc version is at least 4.7
configure:21252: result: yes
configure:21568: checking for luajit5.1
configure:21575: $PKG_CONFIG --exists --print-errors "${with_lua}${with_luaversion}"
Package luajit5.1 was not found in the pkg-config search path.
Perhaps you should add the directory containing `luajit5.1.pc'
to the PKG_CONFIG_PATH environment variable
Package 'luajit5.1' not found
configure:21578: $? = 1
configure:21592: $PKG_CONFIG --exists --print-errors "${with_lua}${with_luaversion}"
Package luajit5.1 was not found in the pkg-config search path.
Perhaps you should add the directory containing `luajit5.1.pc'
to the PKG_CONFIG_PATH environment variable
Package 'luajit5.1' not found
configure:21595: $? = 1
configure:21609: result: no
Package 'luajit5.1' not found
configure:21627: checking for luajit51
configure:21634: $PKG_CONFIG --exists --print-errors "${with_lua}${with_clean_luaversion}"
Package luajit51 was not found in the pkg-config search path.
Perhaps you should add the directory containing `luajit51.pc'
to the PKG_CONFIG_PATH environment variable
Package 'luajit51' not found
configure:21637: $? = 1
configure:21651: $PKG_CONFIG --exists --print-errors "${with_lua}${with_clean_luaversion}"
Package luajit51 was not found in the pkg-config search path.
Perhaps you should add the directory containing `luajit51.pc'
to the PKG_CONFIG_PATH environment variable
Package 'luajit51' not found
configure:21654: $? = 1
configure:21668: result: no
Package 'luajit51' not found
configure:21686: checking for luajit
configure:21693: $PKG_CONFIG --exists --print-errors "${with_lua}"
configure:21696: $? = 0
configure:21710: $PKG_CONFIG --exists --print-errors "${with_lua}"
configure:21713: $? = 0
configure:21771: result: yes
configure:22142: checking for library containing lua_call
configure:22144: result: -lluajit-5.1
configure:22285: checking for sdl2 >= 2.0.0
configure:22292: $PKG_CONFIG --exists --print-errors "sdl2 >= $min_sdl_version"
configure:22295: $? = 0
configure:22309: $PKG_CONFIG --exists --print-errors "sdl2 >= $min_sdl_version"
configure:22312: $? = 0
configure:22350: result: yes
configure:22618: checking for library containing sqrt
configure:22647: g++ -o conftest -fvisibility=hidden -fvisibility-inlines-hidden -g -O2 -std=c++11   conftest.cpp  >&5
configure:22647: $? = 0
configure:22669: result: none required
configure:22684: checking for zlib
configure:22691: $PKG_CONFIG --exists --print-errors "zlib"
configure:22694: $? = 0
configure:22708: $PKG_CONFIG --exists --print-errors "zlib"
configure:22711: $? = 0
configure:22749: result: yes
configure:22754: checking for library containing pthread_create
configure:22783: g++ -o conftest -fvisibility=hidden -fvisibility-inlines-hidden -g -O2 -std=c++11   conftest.cpp  >&5
configure:22783: $? = 0
configure:22805: result: none required
configure:22824: checking for openal
configure:22831: $PKG_CONFIG --exists --print-errors "openal"
configure:22834: $? = 0
configure:22848: $PKG_CONFIG --exists --print-errors "openal"
configure:22851: $? = 0
configure:22889: result: yes
configure:22899: checking for freetype2
configure:22906: $PKG_CONFIG --exists --print-errors "freetype2"
configure:22909: $? = 0
configure:22923: $PKG_CONFIG --exists --print-errors "freetype2"
configure:22926: $? = 0
configure:22964: result: yes
configure:22975: checking for libmodplug
configure:22982: $PKG_CONFIG --exists --print-errors "libmodplug"
configure:22985: $? = 0
configure:22999: $PKG_CONFIG --exists --print-errors "libmodplug"
configure:23002: $? = 0
configure:23040: result: yes
configure:23047: checking for vorbisfile
configure:23054: $PKG_CONFIG --exists --print-errors "vorbisfile"
configure:23057: $? = 0
configure:23071: $PKG_CONFIG --exists --print-errors "vorbisfile"
configure:23074: $? = 0
configure:23112: result: yes
configure:23126: checking for theoradec
configure:23133: $PKG_CONFIG --exists --print-errors "theoradec"
configure:23136: $? = 0
configure:23150: $PKG_CONFIG --exists --print-errors "theoradec"
configure:23153: $? = 0
configure:23191: result: yes
configure:23279: checking for library containing mpg123_open_feed
configure:23308: g++ -o conftest -fvisibility=hidden -fvisibility-inlines-hidden -g -O2 -std=c++11   conftest.cpp  >&5
/usr/bin/ld: /tmp/cczWqsX0.o: in function `main':
/home/zalanwastaken/Desktop/projects/weirdlove2dthing/love-11.5/conftest.cpp:30:(.text.startup+0x1): undefined reference to `mpg123_open_feed'
collect2: error: ld returned 1 exit status
configure:23308: $? = 1
configure: failed program was:
| /* confdefs.h */
| #define PACKAGE_NAME "love"
| #define PACKAGE_TARNAME "love"
| #define PACKAGE_VERSION "11.5"
| #define PACKAGE_STRING "love 11.5"
| #define PACKAGE_BUGREPORT ""
| #define PACKAGE_URL ""
| #define PACKAGE "love"
| #define VERSION "11.5"
| #define HAVE_STDIO_H 1
| #define HAVE_STDLIB_H 1
| #define HAVE_STRING_H 1
| #define HAVE_INTTYPES_H 1
| #define HAVE_STDINT_H 1
| #define HAVE_STRINGS_H 1
| #define HAVE_SYS_STAT_H 1
| #define HAVE_SYS_TYPES_H 1
| #define HAVE_UNISTD_H 1
| #define STDC_HEADERS 1
| #define HAVE_DLFCN_H 1
| #define LT_OBJDIR ".libs/"
| /* end confdefs.h.  */
| 
| namespace conftest {
|   extern "C" int mpg123_open_feed ();
| }
| int
| main (void)
| {
| return conftest::mpg123_open_feed ();
|   ;
|   return 0;
| }
configure:23308: g++ -o conftest -fvisibility=hidden -fvisibility-inlines-hidden -g -O2 -std=c++11   conftest.cpp -lmpg123   >&5
configure:23308: $? = 0
configure:23330: result: -lmpg123
configure:23342: checking for library containing mpg123_seek_64
configure:23371: g++ -o conftest -fvisibility=hidden -fvisibility-inlines-hidden -g -O2 -std=c++11   conftest.cpp -lmpg123  >&5
configure:23371: $? = 0
configure:23393: result: none required
configure:23538: checking for socklen_t
configure:23538: g++ -c -fvisibility=hidden -fvisibility-inlines-hidden -g -O2 -std=c++11  conftest.cpp >&5
configure:23538: $? = 0
configure:23538: g++ -c -fvisibility=hidden -fvisibility-inlines-hidden -g -O2 -std=c++11  conftest.cpp >&5
conftest.cpp: In function 'int main()':
conftest.cpp:30:23: error: expected primary-expression before ')' token
   30 | if (sizeof ((socklen_t)))
      |                       ^
configure:23538: $? = 1
configure: failed program was:
| /* confdefs.h */
| #define PACKAGE_NAME "love"
| #define PACKAGE_TARNAME "love"
| #define PACKAGE_VERSION "11.5"
| #define PACKAGE_STRING "love 11.5"
| #define PACKAGE_BUGREPORT ""
| #define PACKAGE_URL ""
| #define PACKAGE "love"
| #define VERSION "11.5"
| #define HAVE_STDIO_H 1
| #define HAVE_STDLIB_H 1
| #define HAVE_STRING_H 1
| #define HAVE_INTTYPES_H 1
| #define HAVE_STDINT_H 1
| #define HAVE_STRINGS_H 1
| #define HAVE_SYS_STAT_H 1
| #define HAVE_SYS_TYPES_H 1
| #define HAVE_UNISTD_H 1
| #define STDC_HEADERS 1
| #define HAVE_DLFCN_H 1
| #define LT_OBJDIR ".libs/"
| /* end confdefs.h.  */
| #include <sys/types.h>
| 		#include <sys/socket.h>
| 
| 
| int
| main (void)
| {
| if (sizeof ((socklen_t)))
| 	    return 0;
|   ;
|   return 0;
| }
configure:23538: result: yes
configure:24124: checking for luajit5.1
configure:24160: result: no
configure:24124: checking for luajit
configure:24145: found /usr/bin/luajit
configure:24157: result: luajit
configure:24282: checking that generated files are newer than configure
configure:24288: result: done
configure:24496: creating ./config.status

## ---------------------- ##
## Running config.status. ##
## ---------------------- ##

This file was extended by love config.status 11.5, which was
generated by GNU Autoconf 2.72.  Invocation command line was

  CONFIG_FILES    = 
  CONFIG_HEADERS  = 
  CONFIG_LINKS    = 
  CONFIG_COMMANDS = 
  $ ./config.status 

on kaito

config.status:1304: creating Makefile
config.status:1304: creating src/Makefile
config.status:1304: creating platform/unix/debian/control
config.status:1304: creating platform/unix/debian/changelog
config.status:1304: creating platform/unix/debian/rules
config.status:1304: creating config.h
config.status:1533: executing depfiles commands
config.status:1610: cd src       && sed -e '/# am--include-marker/d' Makefile         | make -f - am--depfiles
config.status:1615: $? = 0
config.status:1533: executing libtool commands

## ---------------- ##
## Cache variables. ##
## ---------------- ##

ac_cv_build=x86_64-pc-linux-gnu
ac_cv_c_bigendian=no
ac_cv_c_compiler_gnu=yes
ac_cv_cxx_compiler_gnu=yes
ac_cv_env_CCC_set=
ac_cv_env_CCC_value=
ac_cv_env_CC_set=
ac_cv_env_CC_value=
ac_cv_env_CFLAGS_set=
ac_cv_env_CFLAGS_value=
ac_cv_env_CPPFLAGS_set=
ac_cv_env_CPPFLAGS_value=
ac_cv_env_CXXCPP_set=
ac_cv_env_CXXCPP_value=
ac_cv_env_CXXFLAGS_set=
ac_cv_env_CXXFLAGS_value=
ac_cv_env_CXX_set=
ac_cv_env_CXX_value=
ac_cv_env_LDFLAGS_set=
ac_cv_env_LDFLAGS_value=
ac_cv_env_LIBS_set=
ac_cv_env_LIBS_value=
ac_cv_env_LT_SYS_LIBRARY_PATH_set=
ac_cv_env_LT_SYS_LIBRARY_PATH_value=
ac_cv_env_OBJCXXFLAGS_set=
ac_cv_env_OBJCXXFLAGS_value=
ac_cv_env_OBJCXX_set=
ac_cv_env_OBJCXX_value=
ac_cv_env_PKG_CONFIG_LIBDIR_set=
ac_cv_env_PKG_CONFIG_LIBDIR_value=
ac_cv_env_PKG_CONFIG_PATH_set=
ac_cv_env_PKG_CONFIG_PATH_value=
ac_cv_env_PKG_CONFIG_set=
ac_cv_env_PKG_CONFIG_value=
ac_cv_env_SDL2_FRAMEWORK_set=
ac_cv_env_SDL2_FRAMEWORK_value=
ac_cv_env_SDL_CFLAGS_set=
ac_cv_env_SDL_CFLAGS_value=
ac_cv_env_SDL_LIBS_set=
ac_cv_env_SDL_LIBS_value=
ac_cv_env_build_alias_set=
ac_cv_env_build_alias_value=
ac_cv_env_freetype2_CFLAGS_set=
ac_cv_env_freetype2_CFLAGS_value=
ac_cv_env_freetype2_LIBS_set=
ac_cv_env_freetype2_LIBS_value=
ac_cv_env_host_alias_set=
ac_cv_env_host_alias_value=
ac_cv_env_libmodplug_CFLAGS_set=
ac_cv_env_libmodplug_CFLAGS_value=
ac_cv_env_libmodplug_LIBS_set=
ac_cv_env_libmodplug_LIBS_value=
ac_cv_env_lua_CFLAGS_set=
ac_cv_env_lua_CFLAGS_value=
ac_cv_env_lua_LIBS_set=
ac_cv_env_lua_LIBS_value=
ac_cv_env_openal_CFLAGS_set=
ac_cv_env_openal_CFLAGS_value=
ac_cv_env_openal_LIBS_set=
ac_cv_env_openal_LIBS_value=
ac_cv_env_target_alias_set=
ac_cv_env_target_alias_value=
ac_cv_env_theora_CFLAGS_set=
ac_cv_env_theora_CFLAGS_value=
ac_cv_env_theora_LIBS_set=
ac_cv_env_theora_LIBS_value=
ac_cv_env_vorbisfile_CFLAGS_set=
ac_cv_env_vorbisfile_CFLAGS_value=
ac_cv_env_vorbisfile_LIBS_set=
ac_cv_env_vorbisfile_LIBS_value=
ac_cv_env_zlib_CFLAGS_set=
ac_cv_env_zlib_CFLAGS_value=
ac_cv_env_zlib_LIBS_set=
ac_cv_env_zlib_LIBS_value=
ac_cv_header_dlfcn_h=yes
ac_cv_header_inttypes_h=yes
ac_cv_header_stdint_h=yes
ac_cv_header_stdio_h=yes
ac_cv_header_stdlib_h=yes
ac_cv_header_string_h=yes
ac_cv_header_strings_h=yes
ac_cv_header_sys_stat_h=yes
ac_cv_header_sys_types_h=yes
ac_cv_header_unistd_h=yes
ac_cv_host=x86_64-pc-linux-gnu
ac_cv_objcxx_compiler_gnu=no
ac_cv_objext=o
ac_cv_path_EGREP='/usr/bin/grep -E'
ac_cv_path_EGREP_TRADITIONAL='/usr/bin/grep -E'
ac_cv_path_FGREP='/usr/bin/grep -F'
ac_cv_path_GREP=/usr/bin/grep
ac_cv_path_SED=/usr/bin/sed
ac_cv_path_ac_pt_PKG_CONFIG=/usr/bin/pkg-config
ac_cv_path_install='/usr/bin/install -c'
ac_cv_path_lt_DD=/usr/bin/dd
ac_cv_path_mkdir=/usr/bin/mkdir
ac_cv_prog_AWK=gawk
ac_cv_prog_CXXCPP='g++ -E'
ac_cv_prog_FILECMD=file
ac_cv_prog_LUA_EXECUTABLE=luajit
ac_cv_prog_ac_ct_AR=ar
ac_cv_prog_ac_ct_CC=gcc
ac_cv_prog_ac_ct_CXX=g++
ac_cv_prog_ac_ct_OBJCXX=g++
ac_cv_prog_ac_ct_OBJDUMP=objdump
ac_cv_prog_ac_ct_RANLIB=ranlib
ac_cv_prog_ac_ct_STRIP=strip
ac_cv_prog_cc_c11=
ac_cv_prog_cc_g=yes
ac_cv_prog_cc_stdc=
ac_cv_prog_cxx_cxx11=
ac_cv_prog_cxx_g=yes
ac_cv_prog_cxx_stdcxx=
ac_cv_prog_make_make_set=yes
ac_cv_prog_objcxx_g=no
ac_cv_search_mpg123_open_feed=-lmpg123
ac_cv_search_mpg123_seek_64='none required'
ac_cv_search_pthread_create='none required'
ac_cv_search_sqrt='none required'
ac_cv_type_socklen_t=yes
am_cv_CC_dependencies_compiler_type=gcc3
am_cv_CXX_dependencies_compiler_type=gcc3
am_cv_OBJCXX_dependencies_compiler_type=gcc3
am_cv_ar_interface=ar
am_cv_filesystem_timestamp_resolution=0.01
am_cv_make_support_nested_variables=yes
am_cv_prog_cc_c_o=yes
am_cv_prog_tar_ustar=gnutar
am_cv_sleep_fractional_seconds=yes
am_cv_xargs_n_works=yes
lt_cv_ar_at_file=@
lt_cv_archive_cmds_need_lc=no
lt_cv_deplibs_check_method=pass_all
lt_cv_file_magic_cmd='$MAGIC_CMD'
lt_cv_file_magic_test_file=
lt_cv_ld_reload_flag=-r
lt_cv_nm_interface='BSD nm'
lt_cv_objdir=.libs
lt_cv_path_LD=/usr/bin/ld
lt_cv_path_LDCXX='/usr/bin/ld -m elf_x86_64'
lt_cv_path_NM='/usr/bin/nm -B'
lt_cv_path_manifest_tool=no
lt_cv_prog_compiler_c_o=yes
lt_cv_prog_compiler_c_o_CXX=yes
lt_cv_prog_compiler_pic='-fPIC -DPIC'
lt_cv_prog_compiler_pic_CXX='-fPIC -DPIC'
lt_cv_prog_compiler_pic_works=yes
lt_cv_prog_compiler_pic_works_CXX=yes
lt_cv_prog_compiler_rtti_exceptions=no
lt_cv_prog_compiler_static_works=yes
lt_cv_prog_compiler_static_works_CXX=yes
lt_cv_prog_gnu_ld=yes
lt_cv_prog_gnu_ldcxx=yes
lt_cv_sharedlib_from_linklib_cmd='printf %s\n'
lt_cv_shlibpath_overrides_runpath=yes
lt_cv_sys_global_symbol_pipe='/usr/bin/sed -n -e '\''s/^.*[	 ]\([ABCDGIRSTW][ABCDGIRSTW]*\)[	 ][	 ]*\([_A-Za-z][_A-Za-z0-9]*\)$/\1 \2 \2/p'\'' | /usr/bin/sed '\''/ __gnu_lto/d'\'''
lt_cv_sys_global_symbol_to_c_name_address='/usr/bin/sed -n -e '\''s/^: \(.*\) .*$/  {"\1", (void *) 0},/p'\'' -e '\''s/^[ABCDGIRSTW][ABCDGIRSTW]* .* \(.*\)$/  {"\1", (void *) \&\1},/p'\'''
lt_cv_sys_global_symbol_to_c_name_address_lib_prefix='/usr/bin/sed -n -e '\''s/^: \(.*\) .*$/  {"\1", (void *) 0},/p'\'' -e '\''s/^[ABCDGIRSTW][ABCDGIRSTW]* .* \(lib.*\)$/  {"\1", (void *) \&\1},/p'\'' -e '\''s/^[ABCDGIRSTW][ABCDGIRSTW]* .* \(.*\)$/  {"lib\1", (void *) \&\1},/p'\'''
lt_cv_sys_global_symbol_to_cdecl='/usr/bin/sed -n -e '\''s/^T .* \(.*\)$/extern int \1();/p'\'' -e '\''s/^[ABCDGIRSTW][ABCDGIRSTW]* .* \(.*\)$/extern char \1;/p'\'''
lt_cv_sys_global_symbol_to_import=
lt_cv_sys_max_cmd_len=1572864
lt_cv_to_host_file_cmd=func_convert_file_noop
lt_cv_to_tool_file_cmd=func_convert_file_noop
lt_cv_truncate_bin='/usr/bin/dd bs=4096 count=1'
pkg_cv_SDL_CFLAGS='-I/usr/include/SDL2 -D_GNU_SOURCE=1 -D_REENTRANT'
pkg_cv_SDL_LIBS=-lSDL2
pkg_cv_freetype2_CFLAGS='-I/usr/include/freetype2 -I/usr/include/libpng16 -I/usr/include/harfbuzz -I/usr/include/glib-2.0 -I/usr/lib/glib-2.0/include -I/usr/include/sysprof-6 -pthread'
pkg_cv_freetype2_LIBS=-lfreetype
pkg_cv_libmodplug_CFLAGS=
pkg_cv_libmodplug_LIBS=-lmodplug
pkg_cv_lua_CFLAGS=-I/usr/include/luajit-2.1
pkg_cv_lua_LIBS=-lluajit-5.1
pkg_cv_openal_CFLAGS=-I/usr/include/AL
pkg_cv_openal_LIBS=-lopenal
pkg_cv_theora_CFLAGS=
pkg_cv_theora_LIBS='-ltheoradec -logg'
pkg_cv_vorbisfile_CFLAGS=
pkg_cv_vorbisfile_LIBS=-lvorbisfile
pkg_cv_zlib_CFLAGS=
pkg_cv_zlib_LIBS=-lz

## ----------------- ##
## Output variables. ##
## ----------------- ##

ACLOCAL='${SHELL} '\''/home/zalanwastaken/Desktop/projects/weirdlove2dthing/love-11.5/platform/unix/missing'\'' aclocal-1.17'
AMDEPBACKSLASH='\'
AMDEP_FALSE='#'
AMDEP_TRUE=''
AMTAR='$${TAR-tar}'
AM_BACKSLASH='\'
AM_DEFAULT_V='$(AM_DEFAULT_VERBOSITY)'
AM_DEFAULT_VERBOSITY='1'
AM_V='$(V)'
AR='ar'
AUTOCONF='${SHELL} '\''/home/zalanwastaken/Desktop/projects/weirdlove2dthing/love-11.5/platform/unix/missing'\'' autoconf'
AUTOHEADER='${SHELL} '\''/home/zalanwastaken/Desktop/projects/weirdlove2dthing/love-11.5/platform/unix/missing'\'' autoheader'
AUTOMAKE='${SHELL} '\''/home/zalanwastaken/Desktop/projects/weirdlove2dthing/love-11.5/platform/unix/missing'\'' automake-1.17'
AWK='gawk'
CC='gcc'
CCDEPMODE='depmode=gcc3'
CFLAGS='-fvisibility=hidden -g -O2'
CPPFLAGS=''
CSCOPE='cscope'
CTAGS='ctags'
CXX='g++'
CXXCPP='g++ -E'
CXXDEPMODE='depmode=gcc3'
CXXFLAGS='-fvisibility=hidden -fvisibility-inlines-hidden -g -O2 -std=c++11'
CYGPATH_W='echo'
DEFS='-DHAVE_CONFIG_H'
DEPDIR='.deps'
DLLTOOL='false'
DSYMUTIL=''
DUMPBIN=''
ECHO_C=''
ECHO_N='-n'
ECHO_T=''
EGREP='/usr/bin/grep -E'
ETAGS='etags'
EXEEXT=''
FGREP='/usr/bin/grep -F'
FILECMD='file'
FILE_OFFSET='-D_FILE_OFFSET_BITS=64'
GREP='/usr/bin/grep'
INSTALL_DATA='${INSTALL} -m 644'
INSTALL_PROGRAM='${INSTALL}'
INSTALL_SCRIPT='${INSTALL}'
INSTALL_STRIP_PROGRAM='$(install_sh) -c -s'
LD='/usr/bin/ld -m elf_x86_64'
LDFLAGS=''
LIBOBJS=''
LIBS='-lmpg123 '
LIBTOOL='$(SHELL) $(top_builddir)/libtool'
LIPO=''
LN_S='ln -s'
LOVE_BUILD_EXE_FALSE='#'
LOVE_BUILD_EXE_TRUE=''
LOVE_INCLUDES=''
LOVE_LIBRARY_BOX2D_FALSE='#'
LOVE_LIBRARY_BOX2D_TRUE=''
LOVE_LIBRARY_DDSPARSE_FALSE='#'
LOVE_LIBRARY_DDSPARSE_TRUE=''
LOVE_LIBRARY_DR_FLAC_FALSE=''
LOVE_LIBRARY_DR_FLAC_TRUE='#'
LOVE_LIBRARY_ENET_FALSE='#'
LOVE_LIBRARY_ENET_TRUE=''
LOVE_LIBRARY_GLAD_FALSE='#'
LOVE_LIBRARY_GLAD_TRUE=''
LOVE_LIBRARY_GLSLANG_FALSE='#'
LOVE_LIBRARY_GLSLANG_TRUE=''
LOVE_LIBRARY_LODEPNG_FALSE='#'
LOVE_LIBRARY_LODEPNG_TRUE=''
LOVE_LIBRARY_LUA53_FALSE='#'
LOVE_LIBRARY_LUA53_TRUE=''
LOVE_LIBRARY_LUASOCKET_FALSE='#'
LOVE_LIBRARY_LUASOCKET_TRUE=''
LOVE_LIBRARY_LZ4_FALSE='#'
LOVE_LIBRARY_LZ4_TRUE=''
LOVE_LIBRARY_NOISE1234_FALSE='#'
LOVE_LIBRARY_NOISE1234_TRUE=''
LOVE_LIBRARY_PHYSFS_FALSE='#'
LOVE_LIBRARY_PHYSFS_TRUE=''
LOVE_LIBRARY_STB_FALSE='#'
LOVE_LIBRARY_STB_TRUE=''
LOVE_LIBRARY_TINYEXR_FALSE='#'
LOVE_LIBRARY_TINYEXR_TRUE=''
LOVE_LIBRARY_UTF8_FALSE='#'
LOVE_LIBRARY_UTF8_TRUE=''
LOVE_LIBRARY_WUFF_FALSE='#'
LOVE_LIBRARY_WUFF_TRUE=''
LOVE_LIBRARY_XXHASH_FALSE='#'
LOVE_LIBRARY_XXHASH_TRUE=''
LOVE_MODULE_AUDIO_FALSE='#'
LOVE_MODULE_AUDIO_TRUE=''
LOVE_MODULE_DATA_FALSE='#'
LOVE_MODULE_DATA_TRUE=''
LOVE_MODULE_EVENT_FALSE='#'
LOVE_MODULE_EVENT_TRUE=''
LOVE_MODULE_FILESYSTEM_FALSE='#'
LOVE_MODULE_FILESYSTEM_TRUE=''
LOVE_MODULE_FONT_FALSE='#'
LOVE_MODULE_FONT_TRUE=''
LOVE_MODULE_GRAPHICS_FALSE='#'
LOVE_MODULE_GRAPHICS_TRUE=''
LOVE_MODULE_IMAGE_FALSE='#'
LOVE_MODULE_IMAGE_TRUE=''
LOVE_MODULE_JOYSTICK_FALSE='#'
LOVE_MODULE_JOYSTICK_TRUE=''
LOVE_MODULE_KEYBOARD_FALSE='#'
LOVE_MODULE_KEYBOARD_TRUE=''
LOVE_MODULE_LOVE_FALSE='#'
LOVE_MODULE_LOVE_TRUE=''
LOVE_MODULE_MATH_FALSE='#'
LOVE_MODULE_MATH_TRUE=''
LOVE_MODULE_MOUSE_FALSE='#'
LOVE_MODULE_MOUSE_TRUE=''
LOVE_MODULE_PHYSICS_FALSE='#'
LOVE_MODULE_PHYSICS_TRUE=''
LOVE_MODULE_SOUND_FALSE='#'
LOVE_MODULE_SOUND_TRUE=''
LOVE_MODULE_SYSTEM_FALSE='#'
LOVE_MODULE_SYSTEM_TRUE=''
LOVE_MODULE_THREAD_FALSE='#'
LOVE_MODULE_THREAD_TRUE=''
LOVE_MODULE_TIMER_FALSE='#'
LOVE_MODULE_TIMER_TRUE=''
LOVE_MODULE_TOUCH_FALSE='#'
LOVE_MODULE_TOUCH_TRUE=''
LOVE_MODULE_VIDEO_FALSE='#'
LOVE_MODULE_VIDEO_TRUE=''
LOVE_MODULE_WINDOW_FALSE='#'
LOVE_MODULE_WINDOW_TRUE=''
LOVE_NOMPG123_FALSE=''
LOVE_NOMPG123_TRUE='#'
LOVE_SUFFIX=''
LOVE_TARGET_OSX_FALSE=''
LOVE_TARGET_OSX_TRUE='#'
LTLIBOBJS=''
LT_SYS_LIBRARY_PATH=''
LUA_EXECUTABLE='luajit'
MAKEINFO='${SHELL} '\''/home/zalanwastaken/Desktop/projects/weirdlove2dthing/love-11.5/platform/unix/missing'\'' makeinfo'
MANIFEST_TOOL=':'
MKDIR_P='/usr/bin/mkdir -p'
NM='/usr/bin/nm -B'
NMEDIT=''
OBJCXX='g++'
OBJCXXDEPMODE='depmode=gcc3'
OBJCXXFLAGS=''
OBJDUMP='objdump'
OBJEXT='o'
OTOOL64=''
OTOOL=''
PACKAGE='love'
PACKAGE_BUGREPORT=''
PACKAGE_NAME='love'
PACKAGE_STRING='love 11.5'
PACKAGE_TARNAME='love'
PACKAGE_URL=''
PACKAGE_VERSION='11.5'
PATH_SEPARATOR=':'
PKG_CONFIG='/usr/bin/pkg-config'
PKG_CONFIG_LIBDIR=''
PKG_CONFIG_PATH=''
RANLIB='ranlib'
SDL2_CONFIG='/usr/bin/pkg-config sdl2'
SDL2_FRAMEWORK=''
SDL_CFLAGS='-I/usr/include/SDL2 -D_GNU_SOURCE=1 -D_REENTRANT'
SDL_LIBS='-lSDL2'
SED='/usr/bin/sed'
SET_MAKE=''
SHELL='/bin/sh'
STRIP='strip'
VERSION='11.5'
ac_ct_AR='ar'
ac_ct_CC='gcc'
ac_ct_CXX='g++'
ac_ct_DUMPBIN=''
ac_ct_OBJCXX='g++'
am__EXEEXT_FALSE=''
am__EXEEXT_TRUE='#'
am__fastdepCC_FALSE='#'
am__fastdepCC_TRUE=''
am__fastdepCXX_FALSE='#'
am__fastdepCXX_TRUE=''
am__fastdepOBJCXX_FALSE='#'
am__fastdepOBJCXX_TRUE=''
am__include='include'
am__isrc=''
am__leading_dot='.'
am__nodep='_no'
am__quote=''
am__rm_f_notfound=''
am__tar='tar --format=ustar -chf - "$$tardir"'
am__untar='tar -xf -'
am__xargs_n='xargs -n'
bindir='${exec_prefix}/bin'
build='x86_64-pc-linux-gnu'
build_alias=''
build_cpu='x86_64'
build_os='linux-gnu'
build_vendor='pc'
datadir='${datarootdir}'
datarootdir='${prefix}/share'
docdir='${datarootdir}/doc/${PACKAGE_TARNAME}'
dvidir='${docdir}'
exec_prefix='${prefix}'
freetype2_CFLAGS='-I/usr/include/freetype2 -I/usr/include/libpng16 -I/usr/include/harfbuzz -I/usr/include/glib-2.0 -I/usr/lib/glib-2.0/include -I/usr/include/sysprof-6 -pthread'
freetype2_LIBS='-lfreetype'
host='x86_64-pc-linux-gnu'
host_alias=''
host_cpu='x86_64'
host_os='linux-gnu'
host_vendor='pc'
htmldir='${docdir}'
includedir='${prefix}/include'
infodir='${datarootdir}/info'
install_sh='${SHELL} /home/zalanwastaken/Desktop/projects/weirdlove2dthing/love-11.5/platform/unix/install-sh'
libdir='${exec_prefix}/lib'
libexecdir='${exec_prefix}/libexec'
libmodplug_CFLAGS=''
libmodplug_LIBS='-lmodplug'
localedir='${datarootdir}/locale'
localstatedir='${prefix}/var'
lua_CFLAGS='-I/usr/include/luajit-2.1'
lua_LIBS='-lluajit-5.1'
mandir='${datarootdir}/man'
mkdir_p='$(MKDIR_P)'
oldincludedir='/usr/include'
openal_CFLAGS='-I/usr/include/AL'
openal_LIBS='-lopenal'
pdfdir='${docdir}'
prefix='/usr'
program_transform_name='s,x,x,'
psdir='${docdir}'
runstatedir='${localstatedir}/run'
sbindir='${exec_prefix}/sbin'
sharedstatedir='${prefix}/com'
sysconfdir='${prefix}/etc'
target_alias=''
theora_CFLAGS=''
theora_LIBS='-ltheoradec -logg'
vorbisfile_CFLAGS=''
vorbisfile_LIBS='-lvorbisfile'
zlib_CFLAGS=''
zlib_LIBS='-lz'

## ----------- ##
## confdefs.h. ##
## ----------- ##

/* confdefs.h */
#define PACKAGE_NAME "love"
#define PACKAGE_TARNAME "love"
#define PACKAGE_VERSION "11.5"
#define PACKAGE_STRING "love 11.5"
#define PACKAGE_BUGREPORT ""
#define PACKAGE_URL ""
#define PACKAGE "love"
#define VERSION "11.5"
#define HAVE_STDIO_H 1
#define HAVE_STDLIB_H 1
#define HAVE_STRING_H 1
#define HAVE_INTTYPES_H 1
#define HAVE_STDINT_H 1
#define HAVE_STRINGS_H 1
#define HAVE_SYS_STAT_H 1
#define HAVE_SYS_TYPES_H 1
#define HAVE_UNISTD_H 1
#define STDC_HEADERS 1
#define HAVE_DLFCN_H 1
#define LT_OBJDIR ".libs/"
#define HAS_SOCKLEN_T 1
#define LOVE_ENABLE_AUDIO /**/
#define LOVE_ENABLE_DATA /**/
#define LOVE_ENABLE_EVENT /**/
#define LOVE_ENABLE_FILESYSTEM /**/
#define LOVE_ENABLE_FONT /**/
#define LOVE_ENABLE_GRAPHICS /**/
#define LOVE_ENABLE_IMAGE /**/
#define LOVE_ENABLE_JOYSTICK /**/
#define LOVE_ENABLE_KEYBOARD /**/
#define LOVE_ENABLE_LOVE /**/
#define LOVE_ENABLE_MATH /**/
#define LOVE_ENABLE_MOUSE /**/
#define LOVE_ENABLE_PHYSICS /**/
#define LOVE_ENABLE_SOUND /**/
#define LOVE_ENABLE_SYSTEM /**/
#define LOVE_ENABLE_THREAD /**/
#define LOVE_ENABLE_TIMER /**/
#define LOVE_ENABLE_TOUCH /**/
#define LOVE_ENABLE_VIDEO /**/
#define LOVE_ENABLE_WINDOW /**/
#define LOVE_ENABLE_BOX2D /**/
#define LOVE_ENABLE_DDSPARSE /**/
#define LOVE_ENABLE_ENET /**/
#define LOVE_ENABLE_GLAD /**/
#define LOVE_ENABLE_GLSLANG /**/
#define LOVE_ENABLE_LODEPNG /**/
#define LOVE_ENABLE_LUA53 /**/
#define LOVE_ENABLE_LUASOCKET /**/
#define LOVE_ENABLE_LZ4 /**/
#define LOVE_ENABLE_NOISE1234 /**/
#define LOVE_ENABLE_PHYSFS /**/
#define LOVE_ENABLE_STB /**/
#define LOVE_ENABLE_TINYEXR /**/
#define LOVE_ENABLE_UTF8 /**/
#define LOVE_ENABLE_WUFF /**/
#define LOVE_ENABLE_XXHASH /**/
#define LOVE_BUILD_EXE /**/

configure: exit 0

## ---------------------- ##
## Running config.status. ##
## ---------------------- ##

This file was extended by love config.status 11.5, which was
generated by GNU Autoconf 2.72.  Invocation command line was

  CONFIG_FILES    = 
  CONFIG_HEADERS  = 
  CONFIG_LINKS    = 
  CONFIG_COMMANDS = 
  $ ./config.status config.h

on kaito

config.status:1304: creating config.h
